[35m[Appium][39m Welcome to Appium v1.8.1
[35m[Appium][39m Non-default server args:
[35m[Appium][39m   port: 57561
[35m[Appium][39m   loglevel: info
[35m[Appium][39m   chromeDriverPort: 57562
[35m[Appium][39m   tmpDir: C:\Users\C-DEEP~1.JIN\AppData\Local\Temp\\Katalon\Appium\Temp1541258831863
[35m[Appium][39m Appium REST http interface listener started on 0.0.0.0:57561
[35m[HTTP][39m [37m-->[39m [37mGET[39m [37m/wd/hub/status[39m
[35m[HTTP][39m [90m{}[39m
[35m[HTTP][39m [37m<-- GET /wd/hub/status [39m[32m200[39m [90m111 ms - 83[39m
[35m[HTTP][39m [90m[39m
[35m[HTTP][39m [37m-->[39m [37mGET[39m [37m/wd/hub/status[39m
[35m[HTTP][39m [90m{}[39m
[35m[HTTP][39m [37m<-- GET /wd/hub/status [39m[32m200[39m [90m86 ms - 83[39m
[35m[HTTP][39m [90m[39m
[35m[HTTP][39m [37m-->[39m [37mPOST[39m [37m/wd/hub/session[39m
[35m[HTTP][39m [90m{"desiredCapabilities":{"app":"C:\\Users\\c-deepak.jindal\\Desktop\\ApiDemos-debug.apk","autoGrantPermissions":true,"automationName":"uiautomator2","deviceName":"motorola Moto G (4) (Android 7.0)","fullReset":false,"newCommandTimeout":1800,"noReset":true,"platform":"ANDROID","platformName":"Android","udid":"ZY223DDFBF"},"capabilities":{"desiredCapabilities":{"app":"C:\\Users\\c-deepak.jindal\\Desktop\\ApiDemos-debug.apk","autoGrantPermissions":true,"automationName":"uiautomator2","deviceName":"motorola Moto G (4) (Android 7.0)","fullReset":false,"newCommandTimeout":1800,"noReset":true,"platform":"ANDROID","platformName":"Android","udid":"ZY223DDFBF"},"firstMatch":[{"platformName":"android"}]}}[39m
[35m[Appium][39m Could not parse W3C capabilities: 'deviceName' can't be blank. Falling back to JSONWP protocol.
[35m[Appium][39m The following capabilities were provided in the JSONWP desired capabilities that are missing in W3C capabilities: ["app","autoGrantPermissions","automationName","deviceName","fullReset","newCommandTimeout","noReset","platform","platformName","udid"]. Falling back to JSONWP protocol.
[35m[Appium][39m Creating new AndroidUiautomator2Driver (v1.12.0) session
[35m[Appium][39m Capabilities:
[35m[Appium][39m   app: C:\Users\c-deepak.jindal\Desktop\ApiDemos-debug.apk
[35m[Appium][39m   autoGrantPermissions: true
[35m[Appium][39m   automationName: uiautomator2
[35m[Appium][39m   deviceName: motorola Moto G (4) (Android 7.0)
[35m[Appium][39m   fullReset: false
[35m[Appium][39m   newCommandTimeout: 1800
[35m[Appium][39m   noReset: true
[35m[Appium][39m   platform: ANDROID
[35m[Appium][39m   platformName: Android
[35m[Appium][39m   udid: ZY223DDFBF
[35m[BaseDriver][39m The following capabilities were provided, but are not recognized by appium: platform.
[35m[BaseDriver][39m Session created with session id: 8bc2b250-a2fe-4784-98c3-a975e7edef9a
[35m[BaseDriver][39m Using local app 'C:\Users\c-deepak.jindal\Desktop\ApiDemos-debug.apk'
[35m[AndroidDriver][39m Java version is: 1.8.0_181
[35m[ADB][39m Checking whether adb is present
[35m[ADB][39m Found 1 'build-tools' folders under 'C:\Users\c-deepak.jindal\.katalon\tools\android_sdk' (newest first):
[35m[ADB][39m     C:/Users/c-deepak.jindal/.katalon/tools/android_sdk/build-tools/28.0.3
[35m[ADB][39m Using adb.exe from C:\Users\c-deepak.jindal\.katalon\tools\android_sdk\platform-tools\adb.exe
[35m[AndroidDriver][39m Retrieving device list
[35m[AndroidDriver][39m Using device: ZY223DDFBF
[35m[ADB][39m Using the alternative activity name detection method because of: Could not find apkanalyzer.bat in C:\Users\c-deepak.jindal\.katalon\tools\android_sdk\platform-tools\apkanalyzer.bat,C:\Users\c-deepak.jindal\.katalon\tools\android_sdk\emulator\apkanalyzer.bat,C:\Users\c-deepak.jindal\.katalon\tools\android_sdk\tools\apkanalyzer.bat,C:\Users\c-deepak.jindal\.katalon\tools\android_sdk\tools\bin\apkanalyzer.bat,C:\Users\c-deepak.jindal\.katalon\tools\android_sdk\build-tools\28.0.3\apkanalyzer.bat. Do you have the Android SDK installed at 'C:\Users\c-deepak.jindal\.katalon\tools\android_sdk'?
[35m[ADB][39m Checking whether aapt is present
[35m[ADB][39m Using aapt.exe from C:\Users\c-deepak.jindal\.katalon\tools\android_sdk\build-tools\28.0.3\aapt.exe
[35m[ADB][39m Extracting package and launch activity from manifest
[35m[ADB][39m Package name: 'io.appium.android.apis'
[35m[ADB][39m Main activity name: 'io.appium.android.apis.ApiDemos'
[35m[ADB][39m Getting device platform version
[35m[ADB][39m Using apksigner.bat from C:\Users\c-deepak.jindal\.katalon\tools\android_sdk\build-tools\28.0.3\apksigner.bat
[35m[ADB][39m Checking whether zipalign is present
[35m[ADB][39m Using zipalign.exe from C:\Users\c-deepak.jindal\.katalon\tools\android_sdk\build-tools\28.0.3\zipalign.exe
[35m[ADB][39m io.appium.uiautomator2.server was successfully uninstalled
[35m[ADB][39m io.appium.uiautomator2.server.test was successfully uninstalled
[35m[AndroidDriver][39m setDeviceLanguageCountry requires language or country.
[35m[AndroidDriver][39m Got language: 'null' and country: 'null'
[35m[ADB][39m Successfully extracted 942 strings from 'C:\Users\c-deepak.jindal\Desktop\ApiDemos-debug.apk' resources for '(default)' configuration
[35m[UiAutomator2][39m Starting uiautomator2 server 1.12.0
[35m[UiAutomator2][39m Using UIAutomator2 server from 'C:\Users\c-deepak.jindal\AppData\Roaming\npm\node_modules\appium\node_modules\appium-uiautomator2-server\apks\appium-uiautomator2-server-v1.12.0.apk' and test from 'C:\Users\c-deepak.jindal\AppData\Roaming\npm\node_modules\appium\node_modules\appium-uiautomator2-server\apks\appium-uiautomator2-server-debug-androidTest.apk'
[35m[UiAutomator2][39m Running command: 'adb -s ZY223DDFBF shell am instrument -w io.appium.uiautomator2.server.test/android.support.test.runner.AndroidJUnitRunner'
[35m[UiAutomator2][39m Waiting up to 20000ms for UiAutomator2 to be online...
[35m[AndroidDriver][39m Screen already unlocked, doing nothing
[35m[UiAutomator2][39m UiAutomator2 did not start the activity we were waiting for, 'io.appium.android.apis/io.appium.android.apis.ApiDemos'. Starting it ourselves
[35m[Appium][39m New AndroidUiautomator2Driver session created successfully, session 8bc2b250-a2fe-4784-98c3-a975e7edef9a added to master session list
[35m[HTTP][39m [37m<-- POST /wd/hub/session [39m[32m200[39m [90m33299 ms - 1151[39m
[35m[HTTP][39m [90m[39m
[35m[HTTP][39m [37m-->[39m [37mGET[39m [37m/wd/hub/status[39m
[35m[HTTP][39m [90m{}[39m
[35m[HTTP][39m [37m<-- GET /wd/hub/status [39m[32m200[39m [90m100 ms - 55[39m
[35m[HTTP][39m [90m[39m
[35m[HTTP][39m [37m-->[39m [37mPOST[39m [37m/wd/hub/session/8bc2b250-a2fe-4784-98c3-a975e7edef9a/timeouts[39m
[35m[HTTP][39m [90m{"type":"implicit","ms":60000}[39m
[35m[HTTP][39m [37m<-- POST /wd/hub/session/8bc2b250-a2fe-4784-98c3-a975e7edef9a/timeouts [39m[33m400[39m [90m21 ms - 5628[39m
[35m[HTTP][39m [90m[39m
[35m[HTTP][39m [37m-->[39m [37mGET[39m [37m/wd/hub/session/8bc2b250-a2fe-4784-98c3-a975e7edef9a/source[39m
[35m[HTTP][39m [90m{}[39m
[35m[W3C][39m Driver proxy active, passing request on via HTTP proxy
[35m[JSONWP Proxy][39m Replacing sessionId 30c3e6b2-3f65-40e3-adf9-958d27c89d40 with 8bc2b250-[35m[BaseDriver][39m Shutting down because we waited 1800 seconds for a command
[35m[Appium][39m Closing session, cause was 'New Command Timeout of 1800 seconds expired. Try customizing the timeout using the 'newCommandTimeout' desired capability'
[35m[Appium][39m Removing session 06096361-b384-4ca8-bdf9-22fb54a3c963 from our master session list
9m [37m<-- GET /wd/hub/session/8bc2b250-a2fe-4784-98c3-a975e7edef9a/screenshot [39m[32m200[39m [90m609 ms - 84874[39m
[35m[HTTP][39m [90m[39m
[35m[HTTP][39m [37m-->[39m [37mGET[39m [37m/wd/hub/session/8bc2b250-a2fe-4784-98c3-a975e7edef9a/window/current/size[39m
[35m[HTTP][39m [90m{}[39m
[35m[W3C][39m Driver proxy active, passing request on via HTTP proxy
[35m[JSONWP Proxy][39m Replacing sessionId 30c3e6b2-3f65-40e3-adf9-958d27c89d40 with 8bc2b250-a2fe-4784-98c3-a975e7edef9a
[35m[HTTP][39m [37m<-- GET /wd/hub/session/8bc2b250-a2fe-4784-98c3-a975e7edef9a/window/current/size [39m[32m200[39m [90m36 ms - 100[39m
[35m[HTTP][39m [90m[39m
[35m[HTTP][39m [37m-->[39m [37mPOST[39m [37m/wd/hub/session/8bc2b250-a2fe-4784-98c3-a975e7edef9a/elements[39m
[35m[HTTP][39m [90m{"using":"xpath","value":"//hierarchy/android.widget.FrameLayout[1]/android.view.ViewGroup[1]/android.widget.FrameLayout[2]/android.widget.ListView[1]/android.widget.TextView[11]"}[39m
[35m[HTTP][39m [37m<-- POST /wd/hub/session/8bc2b250-a2fe-4784-98c3-a975e7edef9a/elements [39m[32m200[39m [90m129 ms - 124[39m
[35m[HTTP][39m [90m[39m
[35m[HTTP][39m [37m-->[39m [37mGET[39m [37m/wd/hub/session/8bc2b250-a2fe-4784-98c3-a975e7edef9a[39m
[35m[HTTP][39m [90m{}[39m
[35m[HTTP][39m [37m<-- GET /wd/hub/session/8bc2b250-a2fe-4784-98c3-a975e7edef9a [39m[32m200[39m [90m37 ms - 1151[39m
[35m[HTTP][39m [90m[39m
[35m[HTTP][39m [37m-->[39m [37mGET[39m [37m/wd/hub/session/8bc2b250-a2fe-4784-98c3-a975e7edef9a[39m
[35m[HTTP][39m [90m{}[39m
[35m[HTTP][39m [37m<-- GET /wd/hub/session/8bc2b250-a2fe-4784-98c3-a975e7edef9a [39m[32m200[39m [90m30 ms - 1151[39m
[35m[HTTP][39m [90m[39m
[35m[HTTP][39m [37m-->[39m [37mGET[39m [37m/wd/hub/session/8bc2b250-a2fe-4784-98c3-a975e7edef9a[39m
[35m[HTTP][39m [90m{}[39m
[35m[HTTP][39m [37m<-- GET /wd/hub/session/8bc2b250-a2fe-4784-98c3-a975e7edef9a [39m[32m200[39m [90m31 ms - 1151[39m
[35m[HTTP][39m [90m[39m
[35m[HTTP][39m [37m-->[39m [37mGET[39m [37m/wd/hub/session/8bc2b250-a2fe-4784-98c3-a975e7edef9a[39m
[35m[HTTP][39m [90m{}[39m
[35m[HTTP][39m [37m<-- GET /wd/hub/session/8bc2b250-a2fe-4784-98c3-a975e7edef9a [39m[32m200[39m [90m27 ms - 1151[39m
[35m[HTTP][39m [90m[39m
[35m[HTTP][39m [37m-->[39m [37mGET[39m [37m/wd/hub/session/8bc2b250-a2fe-4784-98c3-a975e7edef9a/element/225948c2-cbae-4445-aec4-111ac0eb485a/location[39m
[35m[HTTP][39m [90m{}[39m
[35m[W3C][39m Driver proxy active, passing request on via HTTP proxy
[35m[JSONWP Proxy][39m Replacing sessionId 30c3e6b2-3f65-40e3-adf9-958d27c89d40 with 8bc2b250-a2fe-4784-98c3-a975e7edef9a
[35m[HTTP][39m [37m<-- GET /wd/hub/session/8bc2b250-a2fe-4784-98c3-a975e7edef9a/element/225948c2-cbae-4445-aec4-111ac0eb485a/location [39m[32m200[39m [90m30 ms - 88[39m
[35m[HTTP][39m [90m[39m
[35m[HTTP][39m [37m-->[39m [37mPOST[39m [37m/wd/hub/session/8bc2b250-a2fe-4784-98c3-a975e7edef9a/touch/perform[39m
[35m[HTTP][39m [90m{"actions":[{"action":"tap","options":{"element":"225948c2-cbae-4445-aec4-111ac0eb485a","x":1,"y":1}}]}[39m
[35m[UiAutomator2][39m calling get location: 225948c2-cbae-4445-aec4-111ac0eb485a
[35m[HTTP][39m [37m<-- POST /wd/hub/session/8bc2b250-a2fe-4784-98c3-a975e7edef9a/touch/perform [39m[32m200[39m [90m1327 ms - 76[39m
[35m[HTTP][39m [90m[39m
[35m[HTTP][39m [37m-->[39m [37mGET[39m [37m/wd/hub/session/8bc2b250-a2fe-4784-98c3-a975e7edef9a/source[39m
[35m[HTTP][39m [90m{}[39m
[35m[W3C][39m Driver proxy active, passing request on via HTTP proxy
[35m[JSONWP Proxy][39m Replacing sessionId 30c3e6b2-3f65-40e3-adf9-958d27c89d40 with 8bc2b250-a2fe-4784-98c3-a975e7edef9a
[35m[HTTP][39m [37m<-- GET /wd/hub/session/8bc2b250-a2fe-4784-98c3-a975e7edef9a/source [39m[32m200[39m [90m101 ms - 7912[39m
[35m[HTTP][39m [90m[39m
[35m[HTTP][39m [37m-->[39m [37mGET[39m [37m/wd/hub/session/8bc2b250-a2fe-4784-98c3-a975e7edef9a/screenshot[39m
[35m[HTTP][39m [90m{}[39m
[35m[HTTP][39m [37m<-- GET /wd/hub/session/8bc2b250-a2fe-4784-98c3-a975e7edef9a/screenshot [39m[32m200[39m [90m605 ms - 102128[39m
[35m[HTTP][39m [90m[39m
[35m[HTTP][39m [37m-->[39m [37mGET[39m [37m/wd/hub/session/8bc2b250-a2fe-4784-98c3-a975e7edef9a/source[39m
[35m[HTTP][39m [90m{}[39m
[35m[W3C][39m Driver proxy active, passing request on via HTTP proxy
[35m[JSONWP Proxy][39m Replacing sessionId 30c3e6b2-3f65-40e3-adf9-958d27c89d40 with 8bc2b250-a2fe-4784-98c3-a975e7edef9a
[35m[HTTP][39m [37m<-- GET /wd/hub/session/8bc2b250-a2fe-4784-98c3-a975e7edef9a/source [39m[32m200[39m [90m104 ms - 7950[39m
[35m[HTTP][39m [90m[39m
[35m[HTTP][39m [37m-->[39m [37mGET[39m [37m/wd/hub/session/8bc2b250-a2fe-4784-98c3-a975e7edef9a/screenshot[39m
[35m[HTTP][39m [90m{}[39m
[35m[HTTP][39m [37m<-- GET /wd/hub/session/8bc2b250-a2fe-4784-98c3-a975e7edef9a/screenshot [39m[32m200[39m [90m624 ms - 112354[39m
[35m[HTTP][39m [90m[39m
[35m[HTTP][39m [37m-->[39m [37mGET[39m [37m/wd/hub/session/8bc2b250-a2fe-4784-98c3-a975e7edef9a/window/current/size[39m
[35m[HTTP][39m [90m{}[39m
[35m[W3C][39m Driver proxy active, passing request on via HTTP proxy
[35m[JSONWP Proxy][39m Replacing sessionId 30c3e6b2-3f65-40e3-adf9-958d27c89d40 with 8bc2b250-a2fe-4784-98c3-a975e7edef9a
[35m[HTTP][39m [37m<-- GET /wd/hub/session/8bc2b250-a2fe-4784-98c3-a975e7edef9a/window/current/size [39m[32m200[39m [90m24 ms - 100[39m
[35m[HTTP][39m [90m[39m
[35m[HTTP][39m [37m-->[39m [37mPOST[39m [37m/wd/hub/session/8bc2b250-a2fe-4784-98c3-a975e7edef9a/elements[39m
[35m[HTTP][39m [90m{"using":"xpath","value":"//hierarchy/android.widget.FrameLayout[1]/android.view.ViewGroup[1]/android.widget.FrameLayout[2]/android.widget.ListView[1]/android.widget.TextView[5]"}[39m
[35m[HTTP][39m [37m<-- POST /wd/hub/session/8bc2b250-a2fe-4784-98c3-a975e7edef9a/elements [39m[32m200[39m [90m100 ms - 124[39m
[35m[HTTP][39m [90m[39m
[35m[HTTP][39m [37m-->[39m [37mGET[39m [37m/wd/hub/session/8bc2b250-a2fe-4784-98c3-a975e7edef9a[39m
[35m[HTTP][39m [90m{}[39m
[35m[HTTP][39m [37m<-- GET /wd/hub/session/8bc2b250-a2fe-4784-98c3-a975e7edef9a [39m[32m200[39m [90m20 ms - 1151[39m
[35m[HTTP][39m [90m[39m
[35m[HTTP][39m [37m-->[39m [37mGET[39m [37m/wd/hub/session/8bc2b250-a2fe-4784-98c3-a975e7edef9a[39m
[35m[HTTP][39m [90m{}[39m
[35m[HTTP][39m [37m<-- GET /wd/hub/session/8bc2b250-a2fe-4784-98c3-a975e7edef9a [39m[32m200[39m [90m25 ms - 1151[39m
[35m[HTTP][39m [90m[39m
[35m[HTTP][39m [37m-->[39m [37mGET[39m [37m/wd/hub/session/8bc2b250-a2fe-4784-98c3-a975e7edef9a[39m
[35m[HTTP][39m [90m{}[39m
[35m[HTTP][39m [37m<-- GET /wd/hub/session/8bc2b250-a2fe-4784-98c3-a975e7edef9a [39m[32m200[39m [90m19 ms - 1151[39m
[35m[HTTP][39m [90m[39m
[35m[HTTP][39m [37m-->[39m [37mGET[39m [37m/wd/hub/session/8bc2b250-a2fe-4784-98c3-a975e7edef9a[39m
[35m[HTTP][39m [90m{}[39m
[35m[HTTP][39m [37m<-- GET /wd/hub/session/8bc2b250-a2fe-4784-98c3-a975e7edef9a [39m[32m200[39m [90m22 ms - 1151[39m
[35m[HTTP][39m [90m[39m
[35m[HTTP][39m [37m-->[39m [37mGET[39m [37m/wd/hub/session/8bc2b250-a2fe-4784-98c3-a975e7edef9a/element/d5679fc2-d8dc-419a-ab2e-9b4030b4a82e/location[39m
[35m[HTTP][39m [90m{}[39m
[35m[W3C][39m Driver proxy active, passing request on via HTTP proxy
[35m[JSONWP Proxy][39m Replacing sessionId 30c3e6b2-3f65-40e3-adf9-958d27c89d40 with 8bc2b250-a2fe-4784-98c3-a975e7edef9a
[35m[HTTP][39m [37m<-- GET /wd/hub/session/8bc2b250-a2fe-4784-98c3-a975e7edef9a/element/d5679fc2-d8dc-419a-ab2e-9b4030b4a82e/location [39m[32m200[39m [90m29 ms - 87[39m
[35m[HTTP][39m [90m[39m
[35m[HTTP][39m [37m-->[39m [37mPOST[39m [37m/wd/hub/session/8bc2b250-a2fe-4784-98c3-a975e7edef9a/touch/perform[39m
[35m[HTTP][39m [90m{"actions":[{"action":"tap","options":{"element":"d5679fc2-d8dc-419a-ab2e-9b4030b4a82e","x":1,"y":1}}]}[39m
[35m[UiAutomator2][39m calling get location: d5679fc2-d8dc-419a-ab2e-9b4030b4a82e
[35m[HTTP][39m [37m<-- POST /wd/hub/session/8bc2b250-a2fe-4784-98c3-a975e7edef9a/touch/perform [39m[32m200[39m [90m1323 ms - 76[39m
[35m[HTTP][39m [90m[39m
[35m[HTTP][39m [37m-->[39m [37mGET[39m [37m/wd/hub/session/8bc2b250-a2fe-4784-98c3-a975e7edef9a/source[39m
[35m[HTTP][39m [90m{}[39m
[35m[W3C][39m Driver proxy active, passing request on via HTTP proxy
[35m[JSONWP Proxy][39m Replacing sessionId 30c3e6b2-3f65-40e3-adf9-958d27c89d40 with 8bc2b250-a2fe-4784-98c3-a975e7edef9a
[35m[HTTP][39m [37m<-- GET /wd/hub/session/8bc2b250-a2fe-4784-98c3-a975e7edef9a/source [39m[32m200[39m [90m83 ms - 7775[39m
[35m[HTTP][39m [90m[39m
[35m[HTTP][39m [37m-->[39m [37mGET[39m [37m/wd/hub/session/8bc2b250-a2fe-4784-98c3-a975e7edef9a/screenshot[39m
[35m[HTTP][39m [90m{}[39m
[35m[HTTP][39m [37m<-- GET /wd/hub/session/8bc2b250-a2fe-4784-98c3-a975e7edef9a/screenshot [39m[32m200[39m [90m664 ms - 199340[39m
[35m[HTTP][39m [90m[39m
[35m[HTTP][39m [37m-->[39m [37mGET[39m [37m/wd/hub/session/8bc2b250-a2fe-4784-98c3-a975e7edef9a/source[39m
[35m[HTTP][39m [90m{}[39m
[35m[W3C][39m Driver proxy active, passing request on via HTTP proxy
[35m[JSONWP Proxy][39m Replacing sessionId 30c3e6b2-3f65-40e3-adf9-958d27c89d40 with 8bc2b250-a2fe-4784-98c3-a975e7edef9a
[35m[HTTP][39m [37m<-- GET /wd/hub/session/8bc2b250-a2fe-4784-98c3-a975e7edef9a/source [39m[32m200[39m [90m86 ms - 7775[39m
[35m[HTTP][39m [90m[39m
[35m[HTTP][39m [37m-->[39m [37mGET[39m [37m/wd/hub/session/8bc2b250-a2fe-4784-98c3-a975e7edef9a/screenshot[39m
[35m[HTTP][39m [90m{}[39m
[35m[HTTP][39m [37m<-- GET /wd/hub/session/8bc2b250-a2fe-4784-98c3-a975e7edef9a/screenshot [39m[32m200[39m [90m703 ms - 198934[39m
[35m[HTTP][39m [90m[39m
[35m[HTTP][39m [37m-->[39m [37mGET[39m [37m/wd/hub/session/8bc2b250-a2fe-4784-98c3-a975e7edef9a/window/current/size[39m
[35m[HTTP][39m [90m{}[39m
[35m[W3C][39m Driver proxy active, passing request on via HTTP proxy
[35m[JSONWP Proxy][39m Replacing sessionId 30c3e6b2-3f65-40e3-adf9-958d27c89d40 with 8bc2b250-a2fe-4784-98c3-a975e7edef9a
[35m[HTTP][39m [37m<-- GET /wd/hub/session/8bc2b250-a2fe-4784-98c3-a975e7edef9a/window/current/size [39m[32m200[39m [90m26 ms - 100[39m
[35m[HTTP][39m [90m[39m
[35m[HTTP][39m [37m-->[39m [37mPOST[39m [37m/wd/hub/session/8bc2b250-a2fe-4784-98c3-a975e7edef9a/elements[39m
[35m[HTTP][39m [90m{"using":"xpath","value":"//hierarchy/android.widget.FrameLayout[1]/android.view.ViewGroup[1]/android.widget.FrameLayout[2]/android.widget.ScrollView[1]/android.widget.LinearLayout[1]/android.widget.Switch[1]"}[39m
[35m[HTTP][39m [37m<-- POST /wd/hub/session/8bc2b250-a2fe-4784-98c3-a975e7edef9a/elements [39m[32m200[39m [90m94 ms - 124[39m
[35m[HTTP][39m [90m[39m
[35m[HTTP][39m [37m-->[39m [37mGET[39m [37m/wd/hub/session/8bc2b250-a2fe-4784-98c3-a975e7edef9a[39m
[35m[HTTP][39m [90m{}[39m
[35m[HTTP][39m [37m<-- GET /wd/hub/session/8bc2b250-a2fe-4784-98c3-a975e7edef9a [39m[32m200[39m [90m39 ms - 1151[39m
[35m[HTTP][39m [90m[39m
[35m[HTTP][39m [37m-->[39m [37mGET[39m [37m/wd/hub/session/8bc2b250-a2fe-4784-98c3-a975e7edef9a[39m
[35m[HTTP][39m [90m{}[39m
[35m[HTTP][39m [37m<-- GET /wd/hub/session/8bc2b250-a2fe-4784-98c3-a975e7edef9a [39m[32m200[39m [90m29 ms - 1151[39m
[35m[HTTP][39m [90m[39m
[35m[HTTP][39m [37m-->[39m [37mGET[39m [37m/wd/hub/session/8bc2b250-a2fe-4784-98c3-a975e7edef9a[39m
[35m[HTTP][39m [90m{}[39m
[35m[HTTP][39m [37m<-- GET /wd/hub/session/8bc2b250-a2fe-4784-98c3-a975e7edef9a [39m[32m200[39m [90m26 ms - 1151[39m
[35m[HTTP][39m [90m[39m
[35m[HTTP][39m [37m-->[39m [37mGET[39m [37m/wd/hub/session/8bc2b250-a2fe-4784-98c3-a975e7edef9a[39m
[35m[HTTP][39m [90m{}[39m
[35m[HTTP][39m [37m<-- GET /wd/hub/session/8bc2b250-a2fe-4784-98c3-a975e7edef9a [39m[32m200[39m [90m26 ms - 1151[39m
[35m[HTTP][39m [90m[39m
[35m[HTTP][39m [37m-->[39m [37mGET[39m [37m/wd/hub/session/8bc2b250-a2fe-4784-98c3-a975e7edef9a/element/c6caa7ac-a55a-4870-a3a5-1ad1b8a54c85/location[39m
[35m[HTTP][39m [90m{}[39m
[35m[W3C][39m Driver proxy active, passing request on via HTTP proxy
[35m[JSONWP Proxy][39m Replacing sessionId 30c3e6b2-3f65-40e3-adf9-958d27c89d40 with 8bc2b250-a2fe-4784-98c3-a975e7edef9a
[35m[HTTP][39m [37m<-- GET /wd/hub/session/8bc2b250-a2fe-4784-98c3-a975e7edef9a/element/c6caa7ac-a55a-4870-a3a5-1ad1b8a54c85/location [39m[32m200[39m [90m30 ms - 87[39m
[35m[HTTP][39m [90m[39m
[35m[HTTP][39m [37m-->[39m [37mPOST[39m [37m/wd/hub/session/8bc2b250-a2fe-4784-98c3-a975e7edef9a/touch/perform[39m
[35m[HTTP][39m [90m{"actions":[{"action":"tap","options":{"element":"c6caa7ac-a55a-4870-a3a5-1ad1b8a54c85","x":1,"y":1}}]}[39m
[35m[UiAutomator2][39m calling get location: c6caa7ac-a55a-4870-a3a5-1ad1b8a54c85
[35m[HTTP][39m [37m<-- POST /wd/hub/session/8bc2b250-a2fe-4784-98c3-a975e7edef9a/touch/perform [39m[32m200[39m [90m66 ms - 76[39m
[35m[HTTP][39m [90m[39m
[35m[HTTP][39m [37m-->[39m [37mGET[39m [37m/wd/hub/session/8bc2b250-a2fe-4784-98c3-a975e7edef9a/source[39m
[35m[HTTP][39m [90m{}[39m
[35m[W3C][39m Driver proxy active, passing request on via HTTP proxy
[35m[JSONWP Proxy][39m Replacing sessionId 30c3e6b2-3f65-40e3-adf9-958d27c89d40 with 8bc2b250-a2fe-4784-98c3-a975e7edef9a
[35m[HTTP][39m [37m<-- GET /wd/hub/session/8bc2b250-a2fe-4784-98c3-a975e7edef9a/source [39m[32m200[39m [90m89 ms - 7773[39m
[35m[HTTP][39m [90m[39m
[35m[HTTP][39m [37m-->[39m [37mGET[39m [37m/wd/hub/session/8bc2b250-a2fe-4784-98c3-a975e7edef9a/screenshot[39m
[35m[HTTP][39m [90m{}[39m
[35m[HTTP][39m [37m<-- GET /wd/hub/session/8bc2b250-a2fe-4784-98c3-a975e7edef9a/screenshot [39m[32m200[39m [90m711 ms - 200002[39m
[35m[HTTP][39m [90m[39m
[35m[HTTP][39m [37m-->[39m [37mGET[39m [37m/wd/hub/session/8bc2b250-a2fe-4784-98c3-a975e7edef9a/source[39m
[35m[HTTP][39m [90m{}[39m
[35m[W3C][39m Driver proxy active, passing request on via HTTP proxy
[35m[JSONWP Proxy][39m Replacing sessionId 30c3e6b2-3f65-40e3-adf9-958d27c89d40 with 8bc2b250-a2fe-4784-98c3-a975e7edef9a
[35m[HTTP][39m [37m<-- GET /wd/hub/session/8bc2b250-a2fe-4784-98c3-a975e7edef9a/source [39m[32m200[39m [90m89 ms - 7773[39m
[35m[HTTP][39m [90m[39m
[35m[HTTP][39m [37m-->[39m [37mGET[39m [37m/wd/hub/session/8bc2b250-a2fe-4784-98c3-a975e7edef9a/screenshot[39m
[35m[HTTP][39m [90m{}[39m
[35m[HTTP][39m [37m<-- GET /wd/hub/session/8bc2b250-a2fe-4784-98c3-a975e7edef9a/screenshot [39m[32m200[39m [90m703 ms - 200002[39m
[35m[HTTP][39m [90m[39m
[35m[HTTP][39m [37m-->[39m [37mGET[39m [37m/wd/hub/session/8bc2b250-a2fe-4784-98c3-a975e7edef9a/window/current/size[39m
[35m[HTTP][39m [90m{}[39m
[35m[W3C][39m Driver proxy active, passing request on via HTTP proxy
[35m[JSONWP Proxy][39m Replacing sessionId 30c3e6b2-3f65-40e3-adf9-958d27c89d40 with 8bc2b250-a2fe-4784-98c3-a975e7edef9a
[35m[HTTP][39m [37m<-- GET /wd/hub/session/8bc2b250-a2fe-4784-98c3-a975e7edef9a/window/current/size [39m[32m200[39m [90m24 ms - 100[39m
[35m[HTTP][39m [90m[39m
[35m[HTTP][39m [37m-->[39m [37mPOST[39m [37m/wd/hub/session/8bc2b250-a2fe-4784-98c3-a975e7edef9a/elements[39m
[35m[HTTP][39m [90m{"using":"xpath","value":"//hierarchy/android.widget.FrameLayout[1]/android.view.ViewGroup[1]/android.widget.FrameLayout[2]/android.widget.ScrollView[1]/android.widget.LinearLayout[1]/android.widget.Switch[2]"}[39m
[35m[HTTP][39m [37m<-- POST /wd/hub/session/8bc2b250-a2fe-4784-98c3-a975e7edef9a/elements [39m[32m200[39m [90m81 ms - 124[39m
[35m[HTTP][39m [90m[39m
[35m[HTTP][39m [37m-->[39m [37mGET[39m [37m/wd/hub/session/8bc2b250-a2fe-4784-98c3-a975e7edef9a[39m
[35m[HTTP][39m [90m{}[39m
[35m[HTTP][39m [37m<-- GET /wd/hub/session/8bc2b250-a2fe-4784-98c3-a975e7edef9a [39m[32m200[39m [90m32 ms - 1151[39m
[35m[HTTP][39m [90m[39m
[35m[HTTP][39m [37m-->[39m [37mGET[39m [37m/wd/hub/session/8bc2b250-a2fe-4784-98c3-a975e7edef9a[39m
[35m[HTTP][39m [90m{}[39m
[35m[HTTP][39m [37m<-- GET /wd/hub/session/8bc2b250-a2fe-4784-98c3-a975e7edef9a [39m[32m200[39m [90m29 ms - 1151[39m
[35m[HTTP][39m [90m[39m
[35m[HTTP][39m [37m-->[39m [37mGET[39m [37m/wd/hub/session/8bc2b250-a2fe-4784-98c3-a975e7edef9a[39m
[35m[HTTP][39m [90m{}[39m
[35m[HTTP][39m [37m<-- GET /wd/hub/session/8bc2b250-a2fe-4784-98c3-a975e7edef9a [39m[32m200[39m [90m24 ms - 1151[39m
[35m[HTTP][39m [90m[39m
[35m[HTTP][39m [37m-->[39m [37mGET[39m [37m/wd/hub/session/8bc2b250-a2fe-4784-98c3-a975e7edef9a[39m
[35m[HTTP][39m [90m{}[39m
[35m[HTTP][39m [37m<-- GET /wd/hub/session/8bc2b250-a2fe-4784-98c3-a975e7edef9a [39m[32m200[39m [90m23 ms - 1151[39m
[35m[HTTP][39m [90m[39m
[35m[HTTP][39m [37m-->[39m [37mGET[39m [37m/wd/hub/session/8bc2b250-a2fe-4784-98c3-a975e7edef9a/element/86e59dc3-d88a-4109-be1b-d56413a14260/location[39m
[35m[HTTP][39m [90m{}[39m
[35m[W3C][39m Driver proxy active, passing request on via HTTP proxy
[35m[JSONWP Proxy][39m Replacing sessionId 30c3e6b2-3f65-40e3-adf9-958d27c89d40 with 8bc2b250-a2fe-4784-98c3-a975e7edef9a
[35m[HTTP][39m [37m<-- GET /wd/hub/session/8bc2b250-a2fe-4784-98c3-a975e7edef9a/element/86e59dc3-d88a-4109-be1b-d56413a14260/location [39m[32m200[39m [90m31 ms - 87[39m
[35m[HTTP][39m [90m[39m
[35m[HTTP][39m [37m-->[39m [37mPOST[39m [37m/wd/hub/session/8bc2b250-a2fe-4784-98c3-a975e7edef9a/touch/perform[39m
[35m[HTTP][39m [90m{"actions":[{"action":"tap","options":{"element":"86e59dc3-d88a-4109-be1b-d56413a14260","x":1,"y":1}}]}[39m
[35m[UiAutomator2][39m calling get location: 86e59dc3-d88a-4109-be1b-d56413a14260
[35m[HTTP][39m [37m<-- POST /wd/hub/session/8bc2b250-a2fe-4784-98c3-a975e7edef9a/touch/perform [39m[32m200[39m [90m76 ms - 76[39m
[35m[HTTP][39m [90m[39m
[35m[HTTP][39m [37m-->[39m [37mGET[39m [37m/wd/hub/session/8bc2b250-a2fe-4784-98c3-a975e7edef9a/source[39m
[35m[HTTP][39m [90m{}[39m
[35m[W3C][39m Driver proxy active, passing request on via HTTP proxy
[35m[JSONWP Proxy][39m Replacing sessionId 30c3e6b2-3f65-40e3-adf9-958d27c89d40 with 8bc2b250-a2fe-4784-98c3-a975e7edef9a
[35m[HTTP][39m [37m<-- GET /wd/hub/session/8bc2b250-a2fe-4784-98c3-a975e7edef9a/source [39m[32m200[39m [90m92 ms - 7775[39m
[35m[HTTP][39m [90m[39m
[35m[HTTP][39m [37m-->[39m [37mGET[39m [37m/wd/hub/session/8bc2b250-a2fe-4784-98c3-a975e7edef9a/screenshot[39m
[35m[HTTP][39m [90m{}[39m
[35m[HTTP][39m [37m<-- GET /wd/hub/session/8bc2b250-a2fe-4784-98c3-a975e7edef9a/screenshot [39m[32m200[39m [90m693 ms - 198762[39m
[35m[HTTP][39m [90m[39m
[35m[HTTP][39m [37m-->[39m [37mGET[39m [37m/wd/hub/session/8bc2b250-a2fe-4784-98c3-a975e7edef9a/source[39m
[35m[HTTP][39m [90m{}[39m
[35m[W3C][39m Driver proxy active, passing request on via HTTP proxy
[35m[JSONWP Proxy][39m Replacing sessionId 30c3e6b2-3f65-40e3-adf9-958d27c89d40 with 8bc2b250-a2fe-4784-98c3-a975e7edef9a
[35m[HTTP][39m [37m<-- GET /wd/hub/session/8bc2b250-a2fe-4784-98c3-a975e7edef9a/source [39m[32m200[39m [90m80 ms - 7775[39m
[35m[HTTP][39m [90m[39m
[35m[HTTP][39m [37m-->[39m [37mGET[39m [37m/wd/hub/session/8bc2b250-a2fe-4784-98c3-a975e7edef9a/screenshot[39m
[35m[HTTP][39m [90m{}[39m
[35m[HTTP][39m [37m<-- GET /wd/hub/session/8bc2b250-a2fe-4784-98c3-a975e7edef9a/screenshot [39m[32m200[39m [90m709 ms - 198762[39m
[35m[HTTP][39m [90m[39m
[35m[HTTP][39m [37m-->[39m [37mDELETE[39m [37m/wd/hub/session/8bc2b250-a2fe-4784-98c3-a975e7edef9a[39m
[35m[HTTP][39m [90m{}[39m
[35m[Appium][39m Removing session 8bc2b250-a2fe-4784-98c3-a975e7edef9a from our master session list
[35m[HTTP][39m [37m<-- DELETE /wd/hub/session/8bc2b250-a2fe-4784-98c3-a975e7edef9a [39m[32m200[39m [90m1195 ms - 76[39m
[35m[HTTP][39m [90m[39m
