[35m[Appium][39m Welcome to Appium v1.8.1
[35m[Appium][39m Non-default server args:
[35m[Appium][39m   port: 49751
[35m[Appium][39m   loglevel: info
[35m[Appium][39m   chromeDriverPort: 49752
[35m[Appium][39m   tmpDir: C:\Users\C-DEEP~1.JIN\AppData\Local\Temp\\Katalon\Appium\Temp1541261682507
[35m[Appium][39m Appium REST http interface listener started on 0.0.0.0:49751
[35m[HTTP][39m [37m-->[39m [37mGET[39m [37m/wd/hub/status[39m
[35m[HTTP][39m [90m{}[39m
[35m[HTTP][39m [37m<-- GET /wd/hub/status [39m[32m200[39m [90m149 ms - 83[39m
[35m[HTTP][39m [90m[39m
[35m[HTTP][39m [37m-->[39m [37mPOST[39m [37m/wd/hub/session[39m
[35m[HTTP][39m [90m{"desiredCapabilities":{"app":"C:\\Users\\c-deepak.jindal\\Desktop\\ApiDemos-debug.apk","autoGrantPermissions":true,"automationName":"uiautomator2","deviceName":"motorola Moto G (4) (Android 7.0)","fullReset":true,"newCommandTimeout":1800,"noReset":false,"platform":"ANDROID","platformName":"Android","udid":"ZY223DDFBF"},"capabilities":{"desiredCapabilities":{"app":"C:\\Users\\c-deepak.jindal\\Desktop\\ApiDemos-debug.apk","autoGrantPermissions":true,"automationName":"uiautomator2","deviceName":"motorola Moto G (4) (Android 7.0)","fullReset":true,"newCommandTimeout":1800,"noReset":false,"platform":"ANDROID","platformName":"Android","udid":"ZY223DDFBF"},"firstMatch":[{"platformName":"android"}]}}[39m
[35m[Appium][39m Could not parse W3C capabilities: 'deviceName' can't be blank. Falling back to JSONWP protocol.
[35m[Appium][39m The following capabilities were provided in the JSONWP desired capabilities that are missing in W3C capabilities: ["app","autoGrantPermissions","automationName","deviceName","fullReset","newCommandTimeout","noReset","platform","platformName","udid"]. Falling back to JSONWP protocol.
[35m[Appium][39m Creating new AndroidUiautomator2Driver (v1.12.0) session
[35m[Appium][39m Capabilities:
[35m[Appium][39m   app: C:\Users\c-deepak.jindal\Desktop\ApiDemos-debug.apk
[35m[Appium][39m   autoGrantPermissions: true
[35m[Appium][39m   automationName: uiautomator2
[35m[Appium][39m   deviceName: motorola Moto G (4) (Android 7.0)
[35m[Appium][39m   fullReset: true
[35m[Appium][39m   newCommandTimeout: 1800
[35m[Appium][39m   noReset: false
[35m[Appium][39m   platform: ANDROID
[35m[Appium][39m   platformName: Android
[35m[Appium][39m   udid: ZY223DDFBF
[35m[BaseDriver][39m The following capabilities were provided, but are not recognized by appium: platform.
[35m[BaseDriver][39m Session created with session id: 600eb562-0d5c-463b-ae99-c834770f8bff
[35m[BaseDriver][39m Using local app 'C:\Users\c-deepak.jindal\Desktop\ApiDemos-debug.apk'
[35m[AndroidDriver][39m Java version is: 1.8.0_181
[35m[ADB][39m Checking whether adb is present
[35m[ADB][39m Found 1 'build-tools' folders under 'C:\Users\c-deepak.jindal\.katalon\tools\android_sdk' (newest first):
[35m[ADB][39m     C:/Users/c-deepak.jindal/.katalon/tools/android_sdk/build-tools/28.0.3
[35m[ADB][39m Using adb.exe from C:\Users\c-deepak.jindal\.katalon\tools\android_sdk\platform-tools\adb.exe
[35m[AndroidDriver][39m Retrieving device list
[35m[AndroidDriver][39m Using device: ZY223DDFBF
[35m[ADB][39m Using the alternative activity name detection method because of: Could not find apkanalyzer.bat in C:\Users\c-deepak.jindal\.katalon\tools\android_sdk\platform-tools\apkanalyzer.bat,C:\Users\c-deepak.jindal\.katalon\tools\android_sdk\emulator\apkanalyzer.bat,C:\Users\c-deepak.jindal\.katalon\tools\android_sdk\tools\apkanalyzer.bat,C:\Users\c-deepak.jindal\.katalon\tools\android_sdk\tools\bin\apkanalyzer.bat,C:\Users\c-deepak.jindal\.katalon\tools\android_sdk\build-tools\28.0.3\apkanalyzer.bat. Do you have the Android SDK installed at 'C:\Users\c-deepak.jindal\.katalon\tools\android_sdk'?
[35m[ADB][39m Checking whether aapt is present
[35m[ADB][39m Using aapt.exe from C:\Users\c-deepak.jindal\.katalon\tools\android_sdk\build-tools\28.0.3\aapt.exe
[35m[ADB][39m Extracting package and launch activity from manifest
[35m[ADB][39m Package name: 'io.appium.android.apis'
[35m[ADB][39m Main activity name: 'io.appium.android.apis.ApiDemos'
[35m[ADB][39m Getting device platform version
[35m[ADB][39m Using apksigner.bat from C:\Users\c-deepak.jindal\.katalon\tools\android_sdk\build-tools\28.0.3\apksigner.bat
[35m[ADB][39m Checking whether zipalign is present
[35m[ADB][39m Using zipalign.exe from C:\Users\c-deepak.jindal\.katalon\tools\android_sdk\build-tools\28.0.3\zipalign.exe
[35m[ADB][39m io.appium.uiautomator2.server was successfully uninstalled
[35m[ADB][39m io.appium.uiautomator2.server.test was successfully uninstalled
[35m[AndroidDriver][39m setDeviceLanguageCountry requires language or country.
[35m[AndroidDriver][39m Got language: 'null' and country: 'null'
[35m[ADB][39m Successfully extracted 942 strings from 'C:\Users\c-deepak.jindal\Desktop\ApiDemos-debug.apk' resources for '(default)' configuration
[35m[ADB][39m io.appium.android.apis was not uninstalled, because it was not present on the device
[35m[UiAutomator2][39m Starting uiautomator2 server 1.12.0
[35m[UiAutomator2][39m Using UIAutomator2 server from 'C:\Users\c-deepak.jindal\AppData\Roaming\npm\node_modules\appium\node_modules\appium-uiautomator2-server\apks\appium-uiautomator2-server-v1.12.0.apk' and test from 'C:\Users\c-deepak.jindal\AppData\Roaming\npm\node_modules\appium\node_modules\appium-uiautomator2-server\apks\appium-uiautomator2-server-debug-androidTest.apk'
[35m[UiAutomator2][39m Running command: 'adb -s ZY223DDFBF shell am instrument -w io.appium.uiautomator2.server.test/android.support.test.runner.AndroidJUnitRunner'
[35m[UiAutomator2][39m Waiting up to 20000ms for UiAutomator2 to be online...
[35m[AndroidDriver][39m Screen already unlocked, doing nothing
[35m[UiAutomator2][39m UiAutomator2 did not start the activity we were waiting for, 'io.appium.android.apis/io.appium.android.apis.ApiDemos'. Starting it ourselves
[35m[Appium][39m New AndroidUiautomator2Driver session created successfully, session 600eb562-0d5c-463b-ae99-c834770f8bff added to master session list
[35m[HTTP][39m [37m<-- POST /wd/hub/session [39m[32m200[39m [90m34693 ms - 1151[39m
[35m[HTTP][39m [90m[39m
[35m[HTTP][39m [37m-->[39m [37mGET[39m [37m/wd/hub/status[39m
[35m[HTTP][39m [90m{}[39m
[35m[HTTP][39m [37m<-- GET /wd/hub/status [39m[32m200[39m [90m85 ms - 55[39m
[35m[HTTP][39m [90m[39m
[35m[HTTP][39m [37m-->[39m [37mPOST[39m [37m/wd/hub/session/600eb562-0d5c-463b-ae99-c834770f8bff/timeouts[39m
[35m[HTTP][39m [90m{"type":"implicit","ms":30000}[39m
[35m[HTTP][39m [37m<-- POST /wd/hub/session/600eb562-0d5c-463b-ae99-c834770f8bff/timeouts [39m[33m400[39m [90m22 ms - 5628[39m
[35m[HTTP][39m [90m[39m
[35m[HTTP][39m [37m-->[39m [37mGET[39m [37m/wd/hub/session/600eb562-0d5c-463b-ae99-c834770f8bff/window/current/size[39m
[35m[HTTP][39m [90m{}[39m
[35m[W3C][39m Driver proxy active, passing request on via HTTP proxy
[35m[JSONWP Proxy][39m Replacing sessionId 9832df3f-e789-442f-8415-242e287d1a05 with 600eb562-0d5c-463b-ae99-c834770f8bff
[35m[HTTP][39m [37m<-- GET /wd/hub/session/600eb562-0d5c-463b-ae99-c834770f8bff/window/current/size [39m[32m200[39m [90m40 ms - 100[39m
[35m[HTTP][39m [90m[39m
[35m[HTTP][39m [37m-->[39m [37mPOST[39m [37m/wd/hub/session/600eb562-0d5c-463b-ae99-c834770f8bff/elements[39m
[35m[HTTP][39m [90m{"using":"-android uiautomator","value":"new UiSelector().className(\"android.widget.TextView\").text(\"Views\").resourceId(\"android:id/text1\").instance(11)"}[39m
[35m[HTTP][39m [37m<-- POST /wd/hub/session/600eb562-0d5c-463b-ae99-c834770f8bff/elements [39m[32m200[39m [90m82 ms - 124[39m
[35m[HTTP][39m [90m[39m
[35m[HTTP][39m [37m-->[39m [37mGET[39m [37m/wd/hub/session/600eb562-0d5c-463b-ae99-c834770f8bff[39m
[35m[HTTP][39m [90m{}[39m
[35m[HTTP][39m [37m<-- GET /wd/hub/session/600eb562-0d5c-463b-ae99-c834770f8bff [39m[32m200[39m [90m25 ms - 1151[39m
[35m[HTTP][39m [90m[39m
[35m[HTTP][39m [37m-->[39m [37mGET[39m [37m/wd/hub/session/600eb562-0d5c-463b-ae99-c834770f8bff[39m
[35m[HTTP][39m [90m{}[39m
[35m[HTTP][39m [37m<-- GET /wd/hub/session/600eb562-0d5c-463b-ae99-c834770f8bff [39m[32m200[39m [90m21 ms - 1151[39m
[35m[HTTP][39m [90m[39m
[35m[HTTP][39m [37m-->[39m [37mGET[39m [37m/wd/hub/session/600eb562-0d5c-463b-ae99-c834770f8bff[39m
[35m[HTTP][39m [90m{}[39m
[35m[HTTP][39m [37m<-- GET /wd/hub/session/600eb562-0d5c-463b-ae99-c834770f8bff [39m[32m200[39m [90m21 ms - 1151[39m
[35m[HTTP][39m [90m[39m
[35m[HTTP][39m [37m-->[39m [37mGET[39m [37m/wd/hub/session/600eb562-0d5c-463b-ae99-c834770f8bff[39m
[35m[HTTP][39m [90m{}[39m
[35m[HTTP][39m [37m<-- GET /wd/hub/session/600eb562-0d5c-463b-ae99-c834770f8bff [39m[32m200[39m [90m24 ms - 1151[39m
[35m[HTTP][39m [90m[39m
[35m[HTTP][39m [37m-->[39m [37mGET[39m [37m/wd/hub/session/600eb562-0d5c-463b-ae99-c834770f8bff/element/a6f02f22-8beb-4a4c-b071-e5ca709c3673/location[39m
[35m[HTTP][39m [90m{}[39m
[35m[W3C][39m Driver proxy active, passing request on via HTTP proxy
[35m[JSONWP Proxy][39m Replacing sessionId 9832df3f-e789-442f-8415-242e287d1a05 with 600eb562-0d5c-463b-ae99-c834770f8bff
[35m[HTTP][39m [37m<-- GET /wd/hub/session/600eb562-0d5c-463b-ae99-c834770f8bff/element/a6f02f22-8beb-4a4c-b071-e5ca709c3673/location [39m[32m200[39m [90m36 ms - 88[39m
[35m[HTTP][39m [90m[39m
[35m[HTTP][39m [37m-->[39m [37mPOST[39m [37m/wd/hub/session/600eb562-0d5c-463b-ae99-c834770f8bff/touch/perform[39m
[35m[HTTP][39m [90m{"actions":[{"action":"tap","options":{"element":"a6f02f22-8beb-4a4c-b071-e5ca709c3673","x":1,"y":1}}]}[39m
[35m[UiAutomator2][39m calling get location: a6f02f22-8beb-4a4c-b071-e5ca709c3673
[35m[HTTP][39m [37m<-- POST /wd/hub/session/600eb562-0d5c-463b-ae99-c834770f8bff/touch/perform [39m[32m200[39m [90m1334 ms - 76[39m
[35m[HTTP][39m [90m[39m
[35m[HTTP][39m [37m-->[39m [37mGET[39m [37m/wd/hub/session/600eb562-0d5c-463b-ae99-c834770f8bff/context[39m
[35m[HTTP][39m [90m{}[39m
[35m[HTTP][39m [37m<-- GET /wd/hub/session/600eb562-0d5c-463b-ae99-c834770f8bff/context [39m[32m200[39m [90m4 ms - 84[39m
[35m[HTTP][39m [90m[39m
[35m[HTTP][39m [37m-->[39m [37mGET[39m [37m/wd/hub/session/600eb562-0d5c-463b-ae99-c834770f8bff/contexts[39m
[35m[HTTP][39m [90m{}[39m
[35m[HTTP][39m [37m<-- GET /wd/hub/session/600eb562-0d5c-463b-ae99-c834770f8bff/contexts [39m[32m200[39m [90m184 ms - 103[39m
[35m[HTTP][39m [90m[39m
[35m[HTTP][39m [37m-->[39m [37mPOST[39m [37m/wd/hub/session/600eb562-0d5c-463b-ae99-c834770f8bff/context[39m
[35m[HTTP][39m [90m{"name":"NATIVE_APP"}[39m
[35m[HTTP][39m [37m<-- POST /wd/hub/session/600eb562-0d5c-463b-ae99-c834770f8bff/context [39m[32m200[39m [90m101 ms - 76[39m
[35m[HTTP][39m [90m[39m
[35m[HTTP][39m [37m-->[39m [37mPOST[39m [37m/wd/hub/session/600eb562-0d5c-463b-ae99-c834770f8bff/element[39m
[35m[HTTP][39m [90m{"using":"-android uiautomator","value":"new UiScrollable(new UiSelector().scrollable(true).instance(0)).scrollIntoView(new UiSelector().textContains(\"Switches\"))"}[39m
[35m[HTTP][39m [37m<-- POST /wd/hub/session/600eb562-0d5c-463b-ae99-c834770f8bff/element [39m[32m200[39m [90m6633 ms - 122[39m
[35m[HTTP][39m [90m[39m
[35m[HTTP][39m [37m-->[39m [37mGET[39m [37m/wd/hub/session/600eb562-0d5c-463b-ae99-c834770f8bff[39m
[35m[HTTP][39m [90m{}[39m
[35m[HTTP][39m [37m<-- GET /wd/hub/session/600eb562-0d5c-463b-ae99-c834770f8bff [39m[32m200[39m [90m40 ms - 1151[39m
[35m[HTTP][39m [90m[39m
[35m[HTTP][39m [37m-->[39m [37mGET[39m [37m/wd/hub/session/600eb562-0d5c-463b-ae99-c834770f8bff[39m
[35m[HTTP][39m [90m{}[39m
[35m[HTTP][39m [37m<-- GET /wd/hub/session/600eb562-0d5c-463b-ae99-c834770f8bff [39m[32m200[39m [90m33 ms - 1151[39m
[35m[HTTP][39m [90m[39m
[35m[HTTP][39m [37m-->[39m [37mGET[39m [37m/wd/hub/session/600eb562-0d5c-463b-ae99-c834770f8bff[39m
[35m[HTTP][39m [90m{}[39m
[35m[HTTP][39m [37m<-- GET /wd/hub/session/600eb562-0d5c-463b-ae99-c834770f8bff [39m[32m200[39m [90m33 ms - 1151[39m
[35m[HTTP][39m [90m[39m
[35m[HTTP][39m [37m-->[39m [37mGET[39m [37m/wd/hub/session/600eb562-0d5c-463b-ae99-c834770f8bff[39m
[35m[HTTP][39m [90m{}[39m
[35m[HTTP][39m [37m<-- GET /wd/hub/session/600eb562-0d5c-463b-ae99-c834770f8bff [39m[32m200[39m [90m34 ms - 1151[39m
[35m[HTTP][39m [90m[39m
[35m[HTTP][39m [37m-->[39m [37mPOST[39m [37m/wd/hub/session/600eb562-0d5c-463b-ae99-c834770f8bff/context[39m
[35m[HTTP][39m [90m{"name":"NATIVE_APP"}[39m
[35m[HTTP][39m [37m<-- POST /wd/hub/session/600eb562-0d5c-463b-ae99-c834770f8bff/context [39m[32m200[39m [90m95 ms - 76[39m
[35m[HTTP][39m [90m[39m
[35m[HTTP][39m [37m-->[39m [37mGET[39m [37m/wd/hub/session/600eb562-0d5c-463b-ae99-c834770f8bff/window/current/size[39m
[35m[HTTP][39m [90m{}[39m
[35m[W3C][39m Driver proxy active, passing request on via HTTP proxy
[35m[JSONWP Proxy][39m Replacing sessionId 9832df3f-e789-442f-8415-242e287d1a05 with 600eb562-0d5c-463b-ae99-c834770f8bff
[35m[HTTP][39m [37m<-- GET /wd/hub/session/600eb562-0d5c-463b-ae99-c834770f8bff/window/current/size [39m[32m200[39m [90m25 ms - 100[39m
[35m[HTTP][39m [90m[39m
[35m[HTTP][39m [37m-->[39m [37mPOST[39m [37m/wd/hub/session/600eb562-0d5c-463b-ae99-c834770f8bff/elements[39m
[35m[HTTP][39m [90m{"using":"-android uiautomator","value":"new UiSelector().className(\"android.widget.TextView\").text(\"Switches\").resourceId(\"android:id/text1\").instance(5)"}[39m
[35m[HTTP][39m [37m<-- POST /wd/hub/session/600eb562-0d5c-463b-ae99-c834770f8bff/elements [39m[32m200[39m [90m54 ms - 124[39m
[35m[HTTP][39m [90m[39m
[35m[HTTP][39m [37m-->[39m [37mGET[39m [37m/wd/hub/session/600eb562-0d5c-463b-ae99-c834770f8bff[39m
[35m[HTTP][39m [90m{}[39m
[35m[HTTP][39m [37m<-- GET /wd/hub/session/600eb562-0d5c-463b-ae99-c834770f8bff [39m[32m200[39m [90m23 ms - 1151[39m
[35m[HTTP][39m [90m[39m
[35m[HTTP][39m [37m-->[39m [37mGET[39m [37m/wd/hub/session/600eb562-0d5c-463b-ae99-c834770f8bff[39m
[35m[HTTP][39m [90m{}[39m
[35m[HTTP][39m [37m<-- GET /wd/hub/session/600eb562-0d5c-463b-ae99-c834770f8bff [39m[32m200[39m [90m26 ms - 1151[39m
[35m[HTTP][39m [90m[39m
[35m[HTTP][39m [37m-->[39m [37mGET[39m [37m/wd/hub/session/600eb562-0d5c-463b-ae99-c834770f8bff[39m
[35m[HTTP][39m [90m{}[39m
[35m[HTTP][39m [37m<-- GET /wd/hub/session/600eb562-0d5c-463b-ae99-c834770f8bff [39m[32m200[39m [90m22 ms - 1151[39m
[35m[HTTP][39m [90m[39m
[35m[HTTP][39m [37m-->[39m [37mGET[39m [37m/wd/hub/session/600eb562-0d5c-463b-ae99-c834770f8bff[39m
[35m[HTTP][39m [90m{}[39m
[35m[HTTP][39m [37m<-- GET /wd/hub/session/600eb562-0d5c-463b-ae99-c834770f8bff [39m[32m200[39m [90m22 ms - 1151[39m
[35m[HTTP][39m [90m[39m
[35m[HTTP][39m [37m-->[39m [37mGET[39m [37m/wd/hub/session/600eb562-0d5c-463b-ae99-c834770f8bff/element/86a42b01-c45c-4313-b30a-72362aee4c6b/location[39m
[35m[HTTP][39m [90m{}[39m
[35m[W3C][39m Driver proxy active, passing request on via HTTP proxy
[35m[JSONWP Proxy][39m Replacing sessionId 9832df3f-e789-442f-8415-242e287d1a05 with 600eb562-0d5c-463b-ae99-c834770f8bff
[35m[HTTP][39m [37m<-- GET /wd/hub/session/600eb562-0d5c-463b-ae99-c834770f8bff/element/86a42b01-c45c-4313-b30a-72362aee4c6b/location [39m[32m200[39m [90m45 ms - 87[39m
[35m[HTTP][39m [90m[39m
[35m[HTTP][39m [37m-->[39m [37mPOST[39m [37m/wd/hub/session/600eb562-0d5c-463b-ae99-c834770f8bff/touch/perform[39m
[35m[HTTP][39m [90m{"actions":[{"action":"tap","options":{"element":"86a42b01-c45c-4313-b30a-72362aee4c6b","x":1,"y":1}}]}[39m
[35m[UiAutomator2][39m calling get location: 86a42b01-c45c-4313-b30a-72362aee4c6b
[35m[HTTP][39m [37m<-- POST /wd/hub/session/600eb562-0d5c-463b-ae99-c834770f8bff/touch/perform [39m[32m200[39m [90m1277 ms - 76[39m
[35m[HTTP][39m [90m[39m
[35m[HTTP][39m [37m-->[39m [37mGET[39m [37m/wd/hub/session/600eb562-0d5c-463b-ae99-c834770f8bff/window/current/size[39m
[35m[HTTP][39m [90m{}[39m
[35m[W3C][39m Driver proxy active, passing request on via HTTP proxy
[35m[JSONWP Proxy][39m Replacing sessionId 9832df3f-e789-442f-8415-242e287d1a05 with 600eb562-0d5c-463b-ae99-c834770f8bff
[35m[HTTP][39m [37m<-- GET /wd/hub/session/600eb562-0d5c-463b-ae99-c834770f8bff/window/current/size [39m[32m200[39m [90m53 ms - 100[39m
[35m[HTTP][39m [90m[39m
[35m[HTTP][39m [37m-->[39m [37mPOST[39m [37m/wd/hub/session/600eb562-0d5c-463b-ae99-c834770f8bff/elements[39m
[35m[HTTP][39m [90m{"using":"-android uiautomator","value":"new UiSelector().className(\"android.widget.Switch\").text(\"Standard switch OFF\").instance(0)"}[39m
[35m[HTTP][39m [37m<-- POST /wd/hub/session/600eb562-0d5c-463b-ae99-c834770f8bff/elements [39m[32m200[39m [90m40 ms - 124[39m
[35m[HTTP][39m [90m[39m
[35m[HTTP][39m [37m-->[39m [37mGET[39m [37m/wd/hub/session/600eb562-0d5c-463b-ae99-c834770f8bff[39m
[35m[HTTP][39m [90m{}[39m
[35m[HTTP][39m [37m<-- GET /wd/hub/session/600eb562-0d5c-463b-ae99-c834770f8bff [39m[32m200[39m [90m18 ms - 1151[39m
[35m[HTTP][39m [90m[39m
[35m[HTTP][39m [37m-->[39m [37mGET[39m [37m/wd/hub/session/600eb562-0d5c-463b-ae99-c834770f8bff[39m
[35m[HTTP][39m [90m{}[39m
[35m[HTTP][39m [37m<-- GET /wd/hub/session/600eb562-0d5c-463b-ae99-c834770f8bff [39m[32m200[39m [90m16 ms - 1151[39m
[35m[HTTP][39m [90m[39m
[35m[HTTP][39m [37m-->[39m [37mGET[39m [37m/wd/hub/session/600eb562-0d5c-463b-ae99-c834770f8bff[39m
[35m[HTTP][39m [90m{}[39m
[35m[HTTP][39m [37m<-- GET /wd/hub/session/600eb562-0d5c-463b-ae99-c834770f8bff [39m[32m200[39m [90m79 ms - 1151[39m
[35m[HTTP][39m [90m[39m
[35m[HTTP][39m [37m-->[39m [37mGET[39m [37m/wd/hub/session/600eb562-0d5c-463b-ae99-c834770f8bff[39m
[35m[HTTP][39m [90m{}[39m
[35m[HTTP][39m [37m<-- GET /wd/hub/session/600eb562-0d5c-463b-ae99-c834770f8bff [39m[32m200[39m [90m15 ms - 1151[39m
[35m[HTTP][39m [90m[39m
[35m[HTTP][39m [37m-->[39m [37mGET[39m [37m/wd/hub/session/600eb562-0d5c-463b-ae99-c834770f8bff/element/fb41eb39-3a89-4aa8-b175-e3961c27dc50/location[39m
[35m[HTTP][39m [90m{}[39m
[35m[W3C][39m Driver proxy active, passing request on via HTTP proxy
[35m[JSONWP Proxy][39m Replacing sessionId 9832df3f-e789-442f-8415-242e287d1a05 with 600eb562-0d5c-463b-ae99-c834770f8bff
[35m[HTTP][39m [37m<-- GET /wd/hub/session/600eb562-0d5c-463b-ae99-c834770f8bff/element/fb41eb39-3a89-4aa8-b175-e3961c27dc50/location [39m[32m200[39m [90m26 ms - 87[39m
[35m[HTTP][39m [90m[39m
[35m[HTTP][39m [37m-->[39m [37mPOST[39m [37m/wd/hub/session/600eb562-0d5c-463b-ae99-c834770f8bff/touch/perform[39m
[35m[HTTP][39m [90m{"actions":[{"action":"tap","options":{"element":"fb41eb39-3a89-4aa8-b175-e3961c27dc50","x":1,"y":1}}]}[39m
[35m[UiAutomator2][39m calling get location: fb41eb39-3a89-4aa8-b175-e3961c27dc50
[35m[HTTP][39m [37m<-- POST /wd/hub/session/600eb562-0d5c-463b-ae99-c834770f8bff/touch/perform [39m[32m200[39m [90m672 ms - 76[39m
[35m[HTTP][39m [90m[39m
[35m[HTTP][39m [37m-->[39m [37mDELETE[39m [37m/wd/hub/session/600eb562-0d5c-463b-ae99-c834770f8bff[39m
[35m[HTTP][39m [90m{}[39m
[35m[Appium][39m Removing session 600eb562-0d5c-463b-ae99-c834770f8bff from our master session list
[35m[ADB][39m io.appium.android.apis was successfully uninstalled
[35m[HTTP][39m [37m<-- DELETE /wd/hub/session/600eb562-0d5c-463b-ae99-c834770f8bff [39m[32m200[39m [90m3754 ms - 76[39m
[35m[HTTP][39m [90m[39m
